-outxml
-source
1.6
-target
1.6
-classpath
C:\Users\Au.wifi\.m2\repository\aopalliance\aopalliance\1.0\aopalliance-1.0.jar;C:\Users\Au.wifi\.m2\repository\cglib\cglib-nodep\2.2\cglib-nodep-2.2.jar;C:\Users\Au.wifi\.m2\repository\commons-beanutils\commons-beanutils\1.8.0\commons-beanutils-1.8.0.jar;C:\Users\Au.wifi\.m2\repository\commons-dbcp\commons-dbcp\1.3\commons-dbcp-1.3.jar;C:\Users\Au.wifi\.m2\repository\commons-digester\commons-digester\2.0\commons-digester-2.0.jar;C:\Users\Au.wifi\.m2\repository\commons-fileupload\commons-fileupload\1.2.1\commons-fileupload-1.2.1.jar;C:\Users\Au.wifi\.m2\repository\commons-pool\commons-pool\1.5.4\commons-pool-1.5.4.jar;C:\Users\Au.wifi\.m2\repository\javax\el\el-api\1.0\el-api-1.0.jar;C:\Users\Au.wifi\.m2\repository\javax\servlet\jstl\1.2\jstl-1.2.jar;C:\Users\Au.wifi\.m2\repository\javax\servlet\servlet-api\2.5\servlet-api-2.5.jar;C:\Users\Au.wifi\.m2\repository\javax\servlet\jsp\jsp-api\2.1\jsp-api-2.1.jar;C:\Users\Au.wifi\.m2\repository\javax\transaction\jta\1.1\jta-1.1.jar;C:\Users\Au.wifi\.m2\repository\javax\validation\validation-api\1.0.0.GA\validation-api-1.0.0.GA.jar;C:\Users\Au.wifi\.m2\repository\joda-time\joda-time\1.6\joda-time-1.6.jar;C:\Users\Au.wifi\.m2\repository\log4j\log4j\1.2.16\log4j-1.2.16.jar;C:\Users\Au.wifi\.m2\repository\net\sf\flexjson\flexjson\2.0\flexjson-2.0.jar;C:\Users\Au.wifi\.m2\repository\org\apache\tiles\tiles-api\2.2.1\tiles-api-2.2.1.jar;C:\Users\Au.wifi\.m2\repository\org\apache\tiles\tiles-core\2.2.1\tiles-core-2.2.1.jar;C:\Users\Au.wifi\.m2\repository\org\apache\tiles\tiles-jsp\2.2.1\tiles-jsp-2.2.1.jar;C:\Users\Au.wifi\.m2\repository\org\apache\tiles\tiles-servlet\2.2.1\tiles-servlet-2.2.1.jar;C:\Users\Au.wifi\.m2\repository\org\apache\tiles\tiles-template\2.2.1\tiles-template-2.2.1.jar;C:\Users\Au.wifi\.m2\repository\org\aspectj\aspectjrt\1.6.11.M1\aspectjrt-1.6.11.M1.jar;C:\Users\Au.wifi\.m2\repository\org\aspectj\aspectjweaver\1.6.11.M1\aspectjweaver-1.6.11.M1.jar;C:\Users\Au.wifi\.m2\repository\org\eclipse\persistence\eclipselink\2.1.0\eclipselink-2.1.0.jar;C:\Users\Au.wifi\.m2\repository\org\eclipse\persistence\javax.persistence\2.0.1\javax.persistence-2.0.1.jar;C:\Users\Au.wifi\.m2\repository\org\hibernate\hibernate-validator\4.1.0.Final\hibernate-validator-4.1.0.Final.jar;C:\Users\Au.wifi\.m2\repository\org\hsqldb\hsqldb\1.8.0.10\hsqldb-1.8.0.10.jar;C:\Users\Au.wifi\.m2\repository\org\slf4j\jcl-over-slf4j\1.6.1\jcl-over-slf4j-1.6.1.jar;C:\Users\Au.wifi\.m2\repository\org\slf4j\slf4j-api\1.6.1\slf4j-api-1.6.1.jar;C:\Users\Au.wifi\.m2\repository\org\slf4j\slf4j-log4j12\1.6.1\slf4j-log4j12-1.6.1.jar;C:\Users\Au.wifi\.m2\repository\org\springframework\spring-aop\3.0.5.RELEASE\spring-aop-3.0.5.RELEASE.jar;C:\Users\Au.wifi\.m2\repository\org\springframework\spring-asm\3.0.5.RELEASE\spring-asm-3.0.5.RELEASE.jar;C:\Users\Au.wifi\.m2\repository\org\springframework\spring-aspects\3.0.5.RELEASE\spring-aspects-3.0.5.RELEASE.jar;C:\Users\Au.wifi\.m2\repository\org\springframework\spring-beans\3.0.5.RELEASE\spring-beans-3.0.5.RELEASE.jar;C:\Users\Au.wifi\.m2\repository\org\springframework\spring-context\3.0.5.RELEASE\spring-context-3.0.5.RELEASE.jar;C:\Users\Au.wifi\.m2\repository\org\springframework\spring-context-support\3.0.5.RELEASE\spring-context-support-3.0.5.RELEASE.jar;C:\Users\Au.wifi\.m2\repository\org\springframework\spring-core\3.0.5.RELEASE\spring-core-3.0.5.RELEASE.jar;C:\Users\Au.wifi\.m2\repository\org\springframework\spring-expression\3.0.5.RELEASE\spring-expression-3.0.5.RELEASE.jar;C:\Users\Au.wifi\.m2\repository\org\springframework\spring-jdbc\3.0.5.RELEASE\spring-jdbc-3.0.5.RELEASE.jar;C:\Users\Au.wifi\.m2\repository\org\springframework\spring-orm\3.0.5.RELEASE\spring-orm-3.0.5.RELEASE.jar;C:\Users\Au.wifi\.m2\repository\org\springframework\spring-tx\3.0.5.RELEASE\spring-tx-3.0.5.RELEASE.jar;C:\Users\Au.wifi\.m2\repository\org\springframework\spring-web\3.0.5.RELEASE\spring-web-3.0.5.RELEASE.jar;C:\Users\Au.wifi\.m2\repository\org\springframework\spring-webmvc\3.0.5.RELEASE\spring-webmvc-3.0.5.RELEASE.jar;C:\Users\Au.wifi\.m2\repository\org\springframework\roo\org.springframework.roo.annotations\1.1.1.RELEASE\org.springframework.roo.annotations-1.1.1.RELEASE.jar;C:\Users\Au.wifi\.m2\repository\org\springframework\security\spring-security-acl\3.0.5.RELEASE\spring-security-acl-3.0.5.RELEASE.jar;C:\Users\Au.wifi\.m2\repository\org\springframework\security\spring-security-config\3.0.5.RELEASE\spring-security-config-3.0.5.RELEASE.jar;C:\Users\Au.wifi\.m2\repository\org\springframework\security\spring-security-core\3.0.5.RELEASE\spring-security-core-3.0.5.RELEASE.jar;C:\Users\Au.wifi\.m2\repository\org\springframework\security\spring-security-taglibs\3.0.5.RELEASE\spring-security-taglibs-3.0.5.RELEASE.jar;C:\Users\Au.wifi\.m2\repository\org\springframework\security\spring-security-web\3.0.5.RELEASE\spring-security-web-3.0.5.RELEASE.jar;C:\Users\Au.wifi\.m2\repository\org\springframework\webflow\spring-js-resources\2.2.1.RELEASE\spring-js-resources-2.2.1.RELEASE.jar;C:\Users\Au.wifi\Desktop\SpringSourceII\Pizzaria\target\classes
-aspectpath
C:\Users\Au.wifi\.m2\repository\org\springframework\spring-aspects\3.0.5.RELEASE\spring-aspects-3.0.5.RELEASE.jar
-d
C:\Users\Au.wifi\Desktop\SpringSourceII\Pizzaria\target\classes
C:\Users\Au.wifi\Desktop\SpringSourceII\Pizzaria\src\main\java\pizzaria\domain\Cobertura_Roo_JavaBean.aj
C:\Users\Au.wifi\Desktop\SpringSourceII\Pizzaria\src\main\java\pizzaria\web\MassaController_Roo_Controller.aj
C:\Users\Au.wifi\Desktop\SpringSourceII\Pizzaria\src\main\java\pizzaria\web\ApplicationConversionServiceFactoryBean.java
C:\Users\Au.wifi\Desktop\SpringSourceII\Pizzaria\src\main\java\pizzaria\domain\Pedido_Roo_JavaBean.aj
C:\Users\Au.wifi\Desktop\SpringSourceII\Pizzaria\src\main\java\pizzaria\web\PizzaController_Roo_Controller.aj
C:\Users\Au.wifi\Desktop\SpringSourceII\Pizzaria\src\main\java\pizzaria\domain\Pizza.java
C:\Users\Au.wifi\Desktop\SpringSourceII\Pizzaria\src\main\java\pizzaria\domain\Cobertura.java
C:\Users\Au.wifi\Desktop\SpringSourceII\Pizzaria\src\main\java\pizzaria\domain\Massa_Roo_ToString.aj
C:\Users\Au.wifi\Desktop\SpringSourceII\Pizzaria\src\main\java\pizzaria\domain\Massa_Roo_JavaBean.aj
C:\Users\Au.wifi\Desktop\SpringSourceII\Pizzaria\src\main\java\pizzaria\domain\Cobertura_Roo_Entity.aj
C:\Users\Au.wifi\Desktop\SpringSourceII\Pizzaria\src\main\java\pizzaria\domain\Massa.java
C:\Users\Au.wifi\Desktop\SpringSourceII\Pizzaria\src\main\java\pizzaria\web\PedidoController.java
C:\Users\Au.wifi\Desktop\SpringSourceII\Pizzaria\src\main\java\pizzaria\domain\Pizza_Roo_ToString.aj
C:\Users\Au.wifi\Desktop\SpringSourceII\Pizzaria\src\main\java\pizzaria\web\ApplicationConversionServiceFactoryBean_Roo_ConversionService.aj
C:\Users\Au.wifi\Desktop\SpringSourceII\Pizzaria\src\main\java\pizzaria\domain\Pedido_Roo_Entity.aj
C:\Users\Au.wifi\Desktop\SpringSourceII\Pizzaria\src\main\java\pizzaria\web\PedidoController_Roo_Controller.aj
C:\Users\Au.wifi\Desktop\SpringSourceII\Pizzaria\src\main\java\pizzaria\domain\Pizza_Roo_Configurable.aj
C:\Users\Au.wifi\Desktop\SpringSourceII\Pizzaria\src\main\java\pizzaria\web\PizzaController.java
C:\Users\Au.wifi\Desktop\SpringSourceII\Pizzaria\src\main\java\pizzaria\web\CoberturaController.java
C:\Users\Au.wifi\Desktop\SpringSourceII\Pizzaria\src\main\java\pizzaria\domain\Cobertura_Roo_Configurable.aj
C:\Users\Au.wifi\Desktop\SpringSourceII\Pizzaria\src\main\java\pizzaria\domain\Pedido_Roo_ToString.aj
C:\Users\Au.wifi\Desktop\SpringSourceII\Pizzaria\src\main\java\pizzaria\domain\Pedido_Roo_Configurable.aj
C:\Users\Au.wifi\Desktop\SpringSourceII\Pizzaria\src\main\java\pizzaria\domain\Pedido.java
C:\Users\Au.wifi\Desktop\SpringSourceII\Pizzaria\src\main\java\pizzaria\domain\Massa_Roo_Configurable.aj
C:\Users\Au.wifi\Desktop\SpringSourceII\Pizzaria\src\main\java\pizzaria\web\CoberturaController_Roo_Controller.aj
C:\Users\Au.wifi\Desktop\SpringSourceII\Pizzaria\src\main\java\pizzaria\domain\Pizza_Roo_JavaBean.aj
C:\Users\Au.wifi\Desktop\SpringSourceII\Pizzaria\src\main\java\pizzaria\web\MassaController.java
C:\Users\Au.wifi\Desktop\SpringSourceII\Pizzaria\src\main\java\pizzaria\domain\Pizza_Roo_Entity.aj
C:\Users\Au.wifi\Desktop\SpringSourceII\Pizzaria\src\main\java\pizzaria\domain\Massa_Roo_Entity.aj
C:\Users\Au.wifi\Desktop\SpringSourceII\Pizzaria\src\main\java\pizzaria\domain\Cobertura_Roo_ToString.aj
